# JRE version: OpenJDK Runtime Environment (8.0_242-b01) (build 1.8.0_242-release-1644-b01)
# Java VM: OpenJDK 64-Bit Server VM (25.242-b01 mixed mode windows-amd64 compressed oops)
Heap:
 PSYoungGen      total 286208K, used 181517K [0x00000000eab00000, 0x0000000100000000, 0x0000000100000000)
  eden space 235520K, 57% used [0x00000000eab00000,0x00000000f2e4f5f0,0x00000000f9100000)
  from space 50688K, 92% used [0x00000000fc900000,0x00000000ff6f40f0,0x00000000ffa80000)
  to   space 56832K, 0% used [0x00000000f9100000,0x00000000f9100000,0x00000000fc880000)
 ParOldGen       total 370176K, used 180047K [0x00000000c0000000, 0x00000000d6980000, 0x00000000eab00000)
  object space 370176K, 48% used [0x00000000c0000000,0x00000000cafd3e48,0x00000000d6980000)
 Metaspace       used 138246K, capacity 151224K, committed 151296K, reserved 1181696K
  class space    used 17529K, capacity 19941K, committed 19968K, reserved 1048576K
GC Heap History (10 events):
Event: 2294.959 GC heap before
{Heap before GC invocations=68 (full 4):
 PSYoungGen      total 262144K, used 250020K [0x00000000eab00000, 0x00000000fea80000, 0x0000000100000000)
  eden space 211456K, 100% used [0x00000000eab00000,0x00000000f7980000,0x00000000f7980000)
  from space 50688K, 76% used [0x00000000f7980000,0x00000000f9f29370,0x00000000fab00000)
  to   space 53760K, 0% used [0x00000000fb600000,0x00000000fb600000,0x00000000fea80000)
 ParOldGen       total 370176K, used 179759K [0x00000000c0000000, 0x00000000d6980000, 0x00000000eab00000)
  object space 370176K, 48% used [0x00000000c0000000,0x00000000caf8be48,0x00000000d6980000)
 Metaspace       used 133518K, capacity 145990K, committed 146048K, reserved 1175552K
  class space    used 17037K, capacity 19300K, committed 19328K, reserved 1048576K
Event: 2294.992 GC heap after
Heap after GC invocations=68 (full 4):
 PSYoungGen      total 271872K, used 36757K [0x00000000eab00000, 0x00000000ff180000, 0x0000000100000000)
  eden space 218112K, 0% used [0x00000000eab00000,0x00000000eab00000,0x00000000f8000000)
  from space 53760K, 68% used [0x00000000fb600000,0x00000000fd9e5580,0x00000000fea80000)
  to   space 55296K, 0% used [0x00000000f8000000,0x00000000f8000000,0x00000000fb600000)
 ParOldGen       total 370176K, used 179815K [0x00000000c0000000, 0x00000000d6980000, 0x00000000eab00000)
  object space 370176K, 48% used [0x00000000c0000000,0x00000000caf99e48,0x00000000d6980000)
 Metaspace       used 133518K, capacity 145990K, committed 146048K, reserved 1175552K
  class space    used 17037K, capacity 19300K, committed 19328K, reserved 1048576K
}
Event: 2295.841 GC heap before
{Heap before GC invocations=69 (full 4):
 PSYoungGen      total 271872K, used 254869K [0x00000000eab00000, 0x00000000ff180000, 0x0000000100000000)
  eden space 218112K, 100% used [0x00000000eab00000,0x00000000f8000000,0x00000000f8000000)
  from space 53760K, 68% used [0x00000000fb600000,0x00000000fd9e5580,0x00000000fea80000)
  to   space 55296K, 0% used [0x00000000f8000000,0x00000000f8000000,0x00000000fb600000)
 ParOldGen       total 370176K, used 179815K [0x00000000c0000000, 0x00000000d6980000, 0x00000000eab00000)
  object space 370176K, 48% used [0x00000000c0000000,0x00000000caf99e48,0x00000000d6980000)
 Metaspace       used 134020K, capacity 146556K, committed 146816K, reserved 1177600K
  class space    used 17048K, capacity 19309K, committed 19328K, reserved 1048576K
Event: 2295.862 GC heap after
Heap after GC invocations=69 (full 4):
 PSYoungGen      total 273408K, used 24561K [0x00000000eab00000, 0x00000000ff600000, 0x0000000100000000)
  eden space 218112K, 0% used [0x00000000eab00000,0x00000000eab00000,0x00000000f8000000)
  from space 55296K, 44% used [0x00000000f8000000,0x00000000f97fc450,0x00000000fb600000)
  to   space 52736K, 0% used [0x00000000fc280000,0x00000000fc280000,0x00000000ff600000)
 ParOldGen       total 370176K, used 179855K [0x00000000c0000000, 0x00000000d6980000, 0x00000000eab00000)
  object space 370176K, 48% used [0x00000000c0000000,0x00000000cafa3e48,0x00000000d6980000)
 Metaspace       used 134020K, capacity 146556K, committed 146816K, reserved 1177600K
  class space    used 17048K, capacity 19309K, committed 19328K, reserved 1048576K
}
Event: 2394.563 GC heap before
{Heap before GC invocations=70 (full 4):
 PSYoungGen      total 273408K, used 242673K [0x00000000eab00000, 0x00000000ff600000, 0x0000000100000000)
  eden space 218112K, 100% used [0x00000000eab00000,0x00000000f8000000,0x00000000f8000000)
  from space 55296K, 44% used [0x00000000f8000000,0x00000000f97fc450,0x00000000fb600000)
  to   space 52736K, 0% used [0x00000000fc280000,0x00000000fc280000,0x00000000ff600000)
 ParOldGen       total 370176K, used 179855K [0x00000000c0000000, 0x00000000d6980000, 0x00000000eab00000)
  object space 370176K, 48% used [0x00000000c0000000,0x00000000cafa3e48,0x00000000d6980000)
 Metaspace       used 135822K, capacity 148612K, committed 148864K, reserved 1179648K
  class space    used 17238K, capacity 19580K, committed 19584K, reserved 1048576K
Event: 2394.571 GC heap after
Heap after GC invocations=70 (full 4):
 PSYoungGen      total 281088K, used 8792K [0x00000000eab00000, 0x00000000ff380000, 0x0000000100000000)
  eden space 230912K, 0% used [0x00000000eab00000,0x00000000eab00000,0x00000000f8c80000)
  from space 50176K, 17% used [0x00000000fc280000,0x00000000fcb163b0,0x00000000ff380000)
  to   space 52736K, 0% used [0x00000000f8c80000,0x00000000f8c80000,0x00000000fc000000)
 ParOldGen       total 370176K, used 179895K [0x00000000c0000000, 0x00000000d6980000, 0x00000000eab00000)
  object space 370176K, 48% used [0x00000000c0000000,0x00000000cafade48,0x00000000d6980000)
 Metaspace       used 135822K, capacity 148612K, committed 148864K, reserved 1179648K
  class space    used 17238K, capacity 19580K, committed 19584K, reserved 1048576K
}
Event: 2466.169 GC heap before
{Heap before GC invocations=71 (full 4):
 PSYoungGen      total 281088K, used 239704K [0x00000000eab00000, 0x00000000ff380000, 0x0000000100000000)
  eden space 230912K, 100% used [0x00000000eab00000,0x00000000f8c80000,0x00000000f8c80000)
  from space 50176K, 17% used [0x00000000fc280000,0x00000000fcb163b0,0x00000000ff380000)
  to   space 52736K, 0% used [0x00000000f8c80000,0x00000000f8c80000,0x00000000fc000000)
 ParOldGen       total 370176K, used 179895K [0x00000000c0000000, 0x00000000d6980000, 0x00000000eab00000)
  object space 370176K, 48% used [0x00000000c0000000,0x00000000cafade48,0x00000000d6980000)
 Metaspace       used 137649K, capacity 150648K, committed 150784K, reserved 1179648K
  class space    used 17474K, capacity 19893K, committed 19968K, reserved 1048576K
Event: 2466.217 GC heap after
Heap after GC invocations=71 (full 4):
 PSYoungGen      total 283648K, used 26502K [0x00000000eab00000, 0x00000000ffa80000, 0x0000000100000000)
  eden space 230912K, 0% used [0x00000000eab00000,0x00000000eab00000,0x00000000f8c80000)
  from space 52736K, 50% used [0x00000000f8c80000,0x00000000fa661b10,0x00000000fc000000)
  to   space 50688K, 0% used [0x00000000fc900000,0x00000000fc900000,0x00000000ffa80000)
 ParOldGen       total 370176K, used 179975K [0x00000000c0000000, 0x00000000d6980000, 0x00000000eab00000)
  object space 370176K, 48% used [0x00000000c0000000,0x00000000cafc1e48,0x00000000d6980000)
 Metaspace       used 137649K, capacity 150648K, committed 150784K, reserved 1179648K
  class space    used 17474K, capacity 19893K, committed 19968K, reserved 1048576K
}
Event: 2467.927 GC heap before
{Heap before GC invocations=72 (full 4):
 PSYoungGen      total 283648K, used 257249K [0x00000000eab00000, 0x00000000ffa80000, 0x0000000100000000)
  eden space 230912K, 99% used [0x00000000eab00000,0x00000000f8c56958,0x00000000f8c80000)
  from space 52736K, 50% used [0x00000000f8c80000,0x00000000fa661b10,0x00000000fc000000)
  to   space 50688K, 0% used [0x00000000fc900000,0x00000000fc900000,0x00000000ffa80000)
 ParOldGen       total 370176K, used 179975K [0x00000000c0000000, 0x00000000d6980000, 0x00000000eab00000)
  object space 370176K, 48% used [0x00000000c0000000,0x00000000cafc1e48,0x00000000d6980000)
 Metaspace       used 138153K, capacity 151146K, committed 151296K, reserved 1181696K
  class space    used 17528K, capacity 19940K, committed 19968K, reserved 1048576K
Event: 2467.984 GC heap after
Heap after GC invocations=72 (full 4):
 PSYoungGen      total 286208K, used 47056K [0x00000000eab00000, 0x0000000100000000, 0x0000000100000000)
  eden space 235520K, 0% used [0x00000000eab00000,0x00000000eab00000,0x00000000f9100000)
  from space 50688K, 92% used [0x00000000fc900000,0x00000000ff6f40f0,0x00000000ffa80000)
  to   space 56832K, 0% used [0x00000000f9100000,0x00000000f9100000,0x00000000fc880000)
 ParOldGen       total 370176K, used 180047K [0x00000000c0000000, 0x00000000d6980000, 0x00000000eab00000)
  object space 370176K, 48% used [0x00000000c0000000,0x00000000cafd3e48,0x00000000d6980000)
 Metaspace       used 138153K, capacity 151146K, committed 151296K, reserved 1181696K
  class space    used 17528K, capacity 19940K, committed 19968K, reserved 1048576K
}

